QuranAI/app/build/intermediates/manifest_merge_blame_file/debug/manifest-merger-blame-debug-report.txt
1<?xml version="1.0" encoding="utf-8"?>
2<manifest xmlns:android="http://schemas.android.com/apk/res/android"
3    package="edu.umich.anauman.quranai"
4    android:versionCode="1"
5    android:versionName="1.0" >
6
7    <uses-sdk
8        android:minSdkVersion="28"
8-->src/main/AndroidManifest.xml
9        android:targetSdkVersion="33" />
9-->src/main/AndroidManifest.xml
10
11    <uses-permission android:name="android.permission.RECORD_AUDIO" />
11-->src/main/AndroidManifest.xml:7:5-70
11-->src/main/AndroidManifest.xml:7:22-68
12    <uses-permission android:name="android.permission.VIBRATE" />
12-->src/main/AndroidManifest.xml:8:5-65
12-->src/main/AndroidManifest.xml:8:22-63
13    <uses-permission android:name="android.permission.INTERNET" />
13-->src/main/AndroidManifest.xml:9:5-66
13-->src/main/AndroidManifest.xml:9:22-64
14
15    <permission
15-->[androidx.core:core:1.9.0] AndroidManifest.xml:22:5-24:47
16        android:name="edu.umich.anauman.quranai.DYNAMIC_RECEIVER_NOT_EXPORTED_PERMISSION"
16-->[androidx.core:core:1.9.0] AndroidManifest.xml:23:9-81
17        android:protectionLevel="signature" />
17-->[androidx.core:core:1.9.0] AndroidManifest.xml:24:9-44
18
19    <uses-permission android:name="edu.umich.anauman.quranai.DYNAMIC_RECEIVER_NOT_EXPORTED_PERMISSION" />
19-->[androidx.core:core:1.9.0] AndroidManifest.xml:26:5-97
19-->[androidx.core:core:1.9.0] AndroidManifest.xml:26:22-94
20
21    <application
21-->src/main/AndroidManifest.xml:12:5-29:19
22        android:allowBackup="true"
22-->src/main/AndroidManifest.xml:13:9-35
23        android:appComponentFactory="androidx.core.app.CoreComponentFactory"
23-->[androidx.core:core:1.9.0] AndroidManifest.xml:28:18-86
24        android:dataExtractionRules="@xml/data_extraction_rules"
24-->src/main/AndroidManifest.xml:14:9-65
25        android:debuggable="true"
26        android:extractNativeLibs="false"
27        android:fullBackupContent="@xml/backup_rules"
27-->src/main/AndroidManifest.xml:15:9-54
28        android:icon="@mipmap/ic_launcher"
28-->src/main/AndroidManifest.xml:16:9-43
29        android:label="@string/app_name"
29-->src/main/AndroidManifest.xml:17:9-41
30        android:supportsRtl="true"
30-->src/main/AndroidManifest.xml:18:9-35
31        android:testOnly="true"
32        android:theme="@style/Theme.QuranAI" >
32-->src/main/AndroidManifest.xml:19:9-45
33        <activity
33-->src/main/AndroidManifest.xml:21:9-28:20
34            android:name="edu.umich.anauman.quranai.MainActivity"
34-->src/main/AndroidManifest.xml:22:13-40
35            android:exported="true" >
35-->src/main/AndroidManifest.xml:23:13-36
36            <intent-filter>
36-->src/main/AndroidManifest.xml:24:13-27:29
37                <action android:name="android.intent.action.MAIN" />
37-->src/main/AndroidManifest.xml:25:17-69
37-->src/main/AndroidManifest.xml:25:25-66
38
39                <category android:name="android.intent.category.LAUNCHER" />
39-->src/main/AndroidManifest.xml:26:17-77
39-->src/main/AndroidManifest.xml:26:27-74
40            </intent-filter>
41        </activity>
42
43        <uses-library
43-->[androidx.window:window:1.0.0-beta02] AndroidManifest.xml:25:9-27:40
44            android:name="androidx.window.extensions"
44-->[androidx.window:window:1.0.0-beta02] AndroidManifest.xml:26:13-54
45            android:required="false" />
45-->[androidx.window:window:1.0.0-beta02] AndroidManifest.xml:27:13-37
46        <uses-library
46-->[androidx.window:window:1.0.0-beta02] AndroidManifest.xml:28:9-30:40
47            android:name="androidx.window.sidecar"
47-->[androidx.window:window:1.0.0-beta02] AndroidManifest.xml:29:13-51
48            android:required="false" />
48-->[androidx.window:window:1.0.0-beta02] AndroidManifest.xml:30:13-37
49
50        <provider
50-->[androidx.emoji2:emoji2:1.2.0] AndroidManifest.xml:24:9-32:20
51            android:name="androidx.startup.InitializationProvider"
51-->[androidx.emoji2:emoji2:1.2.0] AndroidManifest.xml:25:13-67
52            android:authorities="edu.umich.anauman.quranai.androidx-startup"
52-->[androidx.emoji2:emoji2:1.2.0] AndroidManifest.xml:26:13-68
53            android:exported="false" >
53-->[androidx.emoji2:emoji2:1.2.0] AndroidManifest.xml:27:13-37
54            <meta-data
54-->[androidx.emoji2:emoji2:1.2.0] AndroidManifest.xml:29:13-31:52
55                android:name="androidx.emoji2.text.EmojiCompatInitializer"
55-->[androidx.emoji2:emoji2:1.2.0] AndroidManifest.xml:30:17-75
56                android:value="androidx.startup" />
56-->[androidx.emoji2:emoji2:1.2.0] AndroidManifest.xml:31:17-49
57            <meta-data
57-->[androidx.lifecycle:lifecycle-process:2.4.1] AndroidManifest.xml:31:13-33:52
58                android:name="androidx.lifecycle.ProcessLifecycleInitializer"
58-->[androidx.lifecycle:lifecycle-process:2.4.1] AndroidManifest.xml:32:17-78
59                android:value="androidx.startup" />
59-->[androidx.lifecycle:lifecycle-process:2.4.1] AndroidManifest.xml:33:17-49
60        </provider>
61    </application>
62
63</manifest>